app/build/intermediates/manifest_merge_blame_file/release/manifest-merger-blame-release-report.txt
1<?xml version="1.0" encoding="utf-8"?>
2<manifest xmlns:android="http://schemas.android.com/apk/res/android"
3    package="com.creativocentar.prirucnik22"
4    android:versionCode="6"
5    android:versionName="6.0" >
6
7    <uses-sdk
8        android:minSdkVersion="17"
8-->src\main\AndroidManifest.xml
9        android:targetSdkVersion="30" />
9-->src\main\AndroidManifest.xml
10
11    <uses-permission android:name="android.permission.INTERNET" />
11-->src\main\AndroidManifest.xml:5:5-67
11-->src\main\AndroidManifest.xml:5:22-64
12
13    <application
13-->src\main\AndroidManifest.xml:6:5-29:19
14        android:allowBackup="true"
14-->src\main\AndroidManifest.xml:7:9-35
15        android:appComponentFactory="android.support.v4.app.CoreComponentFactory"
15-->[com.android.support:support-compat:28.0.0] AndroidManifest.xml:22:18-91
16        android:icon="@mipmap/ic_launcher"
16-->src\main\AndroidManifest.xml:8:9-43
17        android:label="@string/app_name"
17-->src\main\AndroidManifest.xml:9:9-41
18        android:roundIcon="@mipmap/ic_launcher_round"
18-->src\main\AndroidManifest.xml:11:9-54
19        android:supportsRtl="true"
19-->src\main\AndroidManifest.xml:12:9-35
20        android:theme="@style/AppTheme" >
20-->src\main\AndroidManifest.xml:13:9-40
21        <activity
21-->src\main\AndroidManifest.xml:14:9-18:56
22            android:name="com.creativocentar.prirucnik22.HomeActivity"
22-->src\main\AndroidManifest.xml:14:19-77
23            android:screenOrientation="portrait"
23-->src\main\AndroidManifest.xml:15:13-49
24            android:theme="@style/AppTheme.NoActionBar"
24-->src\main\AndroidManifest.xml:17:13-56
25            android:windowSoftInputMode="adjustPan" />
25-->src\main\AndroidManifest.xml:16:13-52
26        <activity
26-->src\main\AndroidManifest.xml:19:9-28:20
27            android:name="com.creativocentar.prirucnik22.MainActivity"
27-->src\main\AndroidManifest.xml:19:19-77
28            android:screenOrientation="portrait"
28-->src\main\AndroidManifest.xml:20:13-49
29            android:theme="@style/AppTheme.NoActionBar" >
29-->src\main\AndroidManifest.xml:21:13-56
30            <intent-filter>
30-->src\main\AndroidManifest.xml:23:13-27:29
31                <action android:name="android.intent.action.MAIN" />
31-->src\main\AndroidManifest.xml:24:17-69
31-->src\main\AndroidManifest.xml:24:25-66
32
33                <category android:name="android.intent.category.LAUNCHER" />
33-->src\main\AndroidManifest.xml:26:17-77
33-->src\main\AndroidManifest.xml:26:27-74
34            </intent-filter>
35        </activity>
36    </application>
37
38</manifest>